App.tsx(1,8): error TS6133: 'React' is declared but its value is never read.
App.tsx(7,25): error TS2307: Cannot find module 'sonner@2.0.3' or its corresponding type declarations.
App.tsx(17,34): error TS7006: Parameter 'prop' implicitly has an 'any' type.
App.tsx(33,13): error TS6133: 'value' is declared but its value is never read.
App.tsx(42,50): error TS18046: 'e' is of type 'unknown'.
App.tsx(104,14): error TS2304: Cannot find name 'chrome'.
App.tsx(104,40): error TS2304: Cannot find name 'chrome'.
App.tsx(125,29): error TS2304: Cannot find name 'chrome'.
App.tsx(722,10): error TS6133: 'InspectorApp' is declared but its value is never read.
App.tsx(796,10): error TS6133: 'ClientApp' is declared but its value is never read.
App.tsx(930,10): error TS6133: 'AdminApp' is declared but its value is never read.
components/AdminAuth.tsx(3,10): error TS6133: 'Loader2' is declared but its value is never read.
components/AdminAuth.tsx(3,19): error TS6133: 'Shield' is declared but its value is never read.
components/AdminAuth.tsx(3,39): error TS6133: 'User' is declared but its value is never read.
components/AdminAuth.tsx(125,24): error TS2345: Argument of type 'string | undefined' is not assignable to parameter of type '{}'.
  Type 'undefined' is not assignable to type '{}'.
components/AdminAuth.tsx(136,23): error TS2339: Property 'estado_aprobacion' does not exist on type 'never'.
components/AdminAuth.tsx(143,23): error TS2339: Property 'estado_aprobacion' does not exist on type 'never'.
components/AdminDashboard.tsx(2,64): error TS6133: 'LayoutDashboard' is declared but its value is never read.
components/AdminDashboard.tsx(2,81): error TS6133: 'Clipboard' is declared but its value is never read.
components/AdminDashboard.tsx(20,43): error TS6133: 'onViewChange' is declared but its value is never read.
components/AdminDashboard.tsx(96,45): error TS2339: Property 'rol' does not exist on type 'never'.
components/AdminDashboard.tsx(97,42): error TS2339: Property 'rol' does not exist on type 'never'.
components/AdminDashboard.tsx(98,41): error TS2339: Property 'rol' does not exist on type 'never'.
components/AdminDashboard.tsx(103,42): error TS2339: Property 'estado' does not exist on type 'never'.
components/AdminDashboard.tsx(104,51): error TS2339: Property 'estado' does not exist on type 'never'.
components/AdminDashboard.tsx(105,46): error TS2339: Property 'estado' does not exist on type 'never'.
components/AdminStats.tsx(1,32): error TS6133: 'Ticket' is declared but its value is never read.
components/ClientAuth.tsx(3,10): error TS6133: 'Loader2' is declared but its value is never read.
components/ClientAuth.tsx(3,31): error TS6133: 'User' is declared but its value is never read.
components/ClientAuth.tsx(3,50): error TS6133: 'LogIn' is declared but its value is never read.
components/ClientAuth.tsx(3,68): error TS6133: 'UserPlus' is declared but its value is never read.
components/ClientAuth.tsx(127,24): error TS2345: Argument of type 'string | undefined' is not assignable to parameter of type '{}'.
  Type 'undefined' is not assignable to type '{}'.
components/ClientAuth.tsx(138,23): error TS2339: Property 'estado_aprobacion' does not exist on type 'never'.
components/ClientAuth.tsx(145,23): error TS2339: Property 'estado_aprobacion' does not exist on type 'never'.
components/ClientDashboard.tsx(15,30): error TS6133: 'setShowProductMetrics' is declared but its value is never read.
components/ClientProductManagement.tsx(36,41): error TS6133: 'session' is declared but its value is never read.
components/ClientProductManagement.tsx(143,17): error TS2769: No overload matches this call.
  Overload 1 of 2, '(values: never, options?: { count?: "exact" | "planned" | "estimated" | undefined; } | undefined): PostgrestFilterBuilder<{ PostgrestVersion: string; }, never, never, null, "btl_cliente_productos", never, "POST">', gave the following error.
    Argument of type '{ usuario_id: string; producto_id: string; activo: boolean; prioridad: number; visible_dashboard: boolean; }[]' is not assignable to parameter of type 'never'.
  Overload 2 of 2, '(values: never[], options?: { count?: "exact" | "planned" | "estimated" | undefined; defaultToNull?: boolean | undefined; } | undefined): PostgrestFilterBuilder<{ PostgrestVersion: string; }, never, never, null, "btl_cliente_productos", never, "POST">', gave the following error.
    Argument of type '{ usuario_id: string; producto_id: string; activo: boolean; prioridad: number; visible_dashboard: boolean; }[]' is not assignable to parameter of type 'never[]'.
      Type '{ usuario_id: string; producto_id: string; activo: boolean; prioridad: number; visible_dashboard: boolean; }' is not assignable to type 'never'.
components/ClientProductManagement.tsx(188,17): error TS2345: Argument of type 'Partial<ClientProduct>' is not assignable to parameter of type 'never'.
components/ClientVenueManager.tsx(16,56): error TS2304: Cannot find name 'AssignedVenue'.
components/ClientVenueManager.tsx(17,58): error TS2304: Cannot find name 'Venue'.
components/ClientVenueManager.tsx(81,10): error TS2769: No overload matches this call.
  Overload 1 of 2, '(values: never, options?: { count?: "exact" | "planned" | "estimated" | undefined; } | undefined): PostgrestFilterBuilder<{ PostgrestVersion: string; }, never, never, null, "btl_clientes_venues", never, "POST">', gave the following error.
    Argument of type '{ cliente_id: string; venue_id: string; }' is not assignable to parameter of type 'never'.
  Overload 2 of 2, '(values: never[], options?: { count?: "exact" | "planned" | "estimated" | undefined; defaultToNull?: boolean | undefined; } | undefined): PostgrestFilterBuilder<{ PostgrestVersion: string; }, never, never, null, "btl_clientes_venues", never, "POST">', gave the following error.
    Object literal may only specify known properties, and 'cliente_id' does not exist in type 'never[]'.
components/CompetitionChart.tsx(1,84): error TS6133: 'Legend' is declared but its value is never read.
components/DebugPanel.tsx(2,29): error TS6133: 'CheckCircle' is declared but its value is never read.
components/DebugPanel.tsx(2,42): error TS6133: 'AlertCircle' is declared but its value is never read.
components/DebugPanel.tsx(3,1): error TS6192: All imports in import declaration are unused.
components/InsightCard.tsx(1,10): error TS6133: 'AlertCircle' is declared but its value is never read.
components/InsightCard.tsx(1,23): error TS6133: 'TrendingUp' is declared but its value is never read.
components/InspectionHistory.tsx(32,26): error TS2339: Property 'id' does not exist on type 'never'.
components/InspectionHistory.tsx(32,38): error TS2339: Property 'nombre' does not exist on type 'never'.
components/InspectorAuth.tsx(3,10): error TS6133: 'Loader2' is declared but its value is never read.
components/InspectorAuth.tsx(3,19): error TS6133: 'Eye' is declared but its value is never read.
components/InspectorAuth.tsx(3,43): error TS6133: 'LogIn' is declared but its value is never read.
components/InspectorAuth.tsx(3,61): error TS6133: 'UserPlus' is declared but its value is never read.
components/InspectorAuth.tsx(157,24): error TS2345: Argument of type 'string | undefined' is not assignable to parameter of type '{}'.
  Type 'undefined' is not assignable to type '{}'.
components/InspectorAuth.tsx(168,23): error TS2339: Property 'estado_aprobacion' does not exist on type 'never'.
components/InspectorAuth.tsx(175,23): error TS2339: Property 'estado_aprobacion' does not exist on type 'never'.
components/InspectorDashboard.tsx(12,1): error TS6133: 'projectId' is declared but its value is never read.
components/InspectorDashboard.tsx(26,9): error TS6133: 'accessToken' is declared but its value is never read.
components/LanguageSwitcher.tsx(1,1): error TS6133: 'React' is declared but its value is never read.
components/ManagerDashboard.tsx(73,36): error TS6133: 'session' is declared but its value is never read.
components/ManagerDashboard.tsx(348,29): error TS2322: Type '{ inspections: any[]; }' is not assignable to type 'IntrinsicAttributes'.
  Property 'inspections' does not exist on type 'IntrinsicAttributes'.
components/ManagerDashboard.tsx(365,31): error TS2322: Type '{ inspections: any[]; }' is not assignable to type 'IntrinsicAttributes'.
  Property 'inspections' does not exist on type 'IntrinsicAttributes'.
components/OpportunityMap.tsx(3,3): error TS6133: 'MapPin' is declared but its value is never read.
components/OpportunityMap.tsx(4,3): error TS6133: 'ZoomIn' is declared but its value is never read.
components/OpportunityMap.tsx(5,3): error TS6133: 'ZoomOut' is declared but its value is never read.
components/OpportunityMap.tsx(6,3): error TS6133: 'AlertCircle' is declared but its value is never read.
components/OpportunityMap.tsx(200,3): error TS6133: 'inspections' is declared but its value is never read.
components/OpportunityMap.tsx(262,5): error TS6133: 'index' is declared but its value is never read.
components/OpportunityMap.tsx(364,43): error TS6133: 'score' is declared but its value is never read.
components/PendingUsersManagement.tsx(4,23): error TS2307: Cannot find module 'sonner@2.0.3' or its corresponding type declarations.
components/PendingUsersManagement.tsx(81,17): error TS2345: Argument of type '{ estado_aprobacion: string; aprobado_por: any; fecha_aprobacion: string; }' is not assignable to parameter of type 'never'.
components/PendingUsersManagement.tsx(83,35): error TS2339: Property 'id' does not exist on type 'never'.
components/PendingUsersManagement.tsx(132,17): error TS2345: Argument of type '{ estado_aprobacion: string; aprobado_por: any; fecha_aprobacion: string; nota_rechazo: string; }' is not assignable to parameter of type 'never'.
components/PendingUsersManagement.tsx(134,35): error TS2339: Property 'id' does not exist on type 'never'.
components/PerformanceChart.tsx(2,10): error TS6133: 'LineChart' is declared but its value is never read.
components/PerformanceChart.tsx(2,21): error TS6133: 'Line' is declared but its value is never read.
components/PerformanceChart.tsx(10,34): error TS6133: 'inspections' is declared but its value is never read.
components/ProductManagement.tsx(3,10): error TS6133: 'Package' is declared but its value is never read.
components/ProductManagement.tsx(79,19): error TS2345: Argument of type 'Product' is not assignable to parameter of type 'never'.
components/ProductManagement.tsx(87,12): error TS2769: No overload matches this call.
  Overload 1 of 2, '(values: never, options?: { count?: "exact" | "planned" | "estimated" | undefined; } | undefined): PostgrestFilterBuilder<{ PostgrestVersion: string; }, never, never, null, "btl_productos", never, "POST">', gave the following error.
    Argument of type 'Product[]' is not assignable to parameter of type 'never'.
  Overload 2 of 2, '(values: never[], options?: { count?: "exact" | "planned" | "estimated" | undefined; defaultToNull?: boolean | undefined; } | undefined): PostgrestFilterBuilder<{ PostgrestVersion: string; }, never, never, null, "btl_productos", never, "POST">', gave the following error.
    Type 'Product' is not assignable to type 'never'.
components/ProductMetrics.tsx(69,57): error TS2339: Property 'id' does not exist on type 'never'.
components/ProductMetrics.tsx(78,46): error TS2339: Property 'id' does not exist on type 'never'.
components/ProductMetrics.tsx(109,42): error TS2339: Property 'inspeccion_id' does not exist on type 'never'.
components/ProductMetrics.tsx(114,63): error TS2339: Property 'tiene_producto' does not exist on type 'never'.
components/ProductMetrics.tsx(116,12): error TS2339: Property 'tiene_producto' does not exist on type 'never'.
components/ProductMetrics.tsx(116,33): error TS2339: Property 'stock_nivel' does not exist on type 'never'.
components/ProductMetrics.tsx(116,51): error TS2339: Property 'stock_nivel' does not exist on type 'never'.
components/ProductMetrics.tsx(118,59): error TS2339: Property 'tiene_material_pop' does not exist on type 'never'.
components/ProductMetrics.tsx(125,21): error TS2339: Property 'id' does not exist on type 'never'.
components/ProductMetrics.tsx(126,25): error TS2339: Property 'nombre' does not exist on type 'never'.
components/ProductMetrics.tsx(127,24): error TS2339: Property 'marca' does not exist on type 'never'.
components/ProductMetrics.tsx(128,28): error TS2339: Property 'categoria' does not exist on type 'never'.
components/ProductMetrics.tsx(129,33): error TS2339: Property 'color_primario' does not exist on type 'never'.
components/ProductMetrics.tsx(131,37): error TS2339: Property 'objetivo_presencia' does not exist on type 'never'.
components/ProductMetrics.tsx(133,33): error TS2339: Property 'objetivo_stock' does not exist on type 'never'.
components/ProductMetrics.tsx(135,31): error TS2339: Property 'objetivo_pop' does not exist on type 'never'.
components/ProductMetrics.tsx(138,47): error TS2339: Property 'objetivo_presencia' does not exist on type 'never'.
components/ProductSelector.tsx(3,35): error TS6133: 'Settings' is declared but its value is never read.
components/ProductSelector.tsx(3,52): error TS6133: 'TrendingUp' is declared but its value is never read.
components/ProductSelector.tsx(30,18): error TS6133: 'setSaving' is declared but its value is never read.
components/ProductSelector.tsx(67,35): error TS2339: Property 'id' does not exist on type 'never'.
components/ProductSelector.tsx(73,45): error TS2339: Property 'producto_id' does not exist on type 'never'.
components/ProductSelector.tsx(73,69): error TS2339: Property 'id' does not exist on type 'never'.
components/ProductSelector.tsx(75,11): error TS2698: Spread types may only be created from object types.
components/ProductSelector.tsx(76,36): error TS2339: Property 'visible_dashboard' does not exist on type 'never'.
components/ProductSelector.tsx(77,24): error TS2339: Property 'orden' does not exist on type 'never'.
components/ProductSelector.tsx(77,41): error TS2339: Property 'orden_visualizacion' does not exist on type 'never'.
components/ProductSelector.tsx(116,10): error TS2769: No overload matches this call.
  Overload 1 of 2, '(values: never, options?: { onConflict?: string | undefined; ignoreDuplicates?: boolean | undefined; count?: "exact" | "planned" | "estimated" | undefined; } | undefined): PostgrestFilterBuilder<{ ...; }, ... 5 more ..., "POST">', gave the following error.
    Argument of type '{ usuario_id: any; producto_id: string; visible_dashboard: boolean; orden: number; }' is not assignable to parameter of type 'never'.
  Overload 2 of 2, '(values: never[], options?: { onConflict?: string | undefined; ignoreDuplicates?: boolean | undefined; count?: "exact" | "planned" | "estimated" | undefined; defaultToNull?: boolean | undefined; } | undefined): PostgrestFilterBuilder<...>', gave the following error.
    Object literal may only specify known properties, and 'usuario_id' does not exist in type 'never[]'.
components/ProductSelector.tsx(117,31): error TS2339: Property 'id' does not exist on type 'never'.
components/RegionManager.tsx(18,31): error TS6133: 'session' is declared but its value is never read.
components/RegionManager.tsx(64,19): error TS2345: Argument of type '{ nombre: string; descripcion: string | undefined; }' is not assignable to parameter of type 'never'.
components/RegionManager.tsx(76,12): error TS2769: No overload matches this call.
  Overload 1 of 2, '(values: never, options?: { count?: "exact" | "planned" | "estimated" | undefined; } | undefined): PostgrestFilterBuilder<{ PostgrestVersion: string; }, never, never, null, "btl_regiones", never, "POST">', gave the following error.
    Argument of type '{ nombre: string; descripcion: string | undefined; }[]' is not assignable to parameter of type 'never'.
  Overload 2 of 2, '(values: never[], options?: { count?: "exact" | "planned" | "estimated" | undefined; defaultToNull?: boolean | undefined; } | undefined): PostgrestFilterBuilder<{ PostgrestVersion: string; }, never, never, null, "btl_regiones", never, "POST">', gave the following error.
    Type '{ nombre: string; descripcion: string | undefined; }' is not assignable to type 'never'.
components/TicketManagement.tsx(5,23): error TS2307: Cannot find module 'sonner@2.0.3' or its corresponding type declarations.
components/TicketManagement.tsx(13,36): error TS6133: 'session' is declared but its value is never read.
components/TicketManagement.tsx(86,17): error TS2345: Argument of type '{ estado: string; }' is not assignable to parameter of type 'never'.
components/TicketModal.tsx(41,31): error TS6133: 'session' is declared but its value is never read.
components/TicketModal.tsx(132,41): error TS2339: Property 'id' does not exist on type 'never'.
components/TicketModal.tsx(197,29): error TS2339: Property 'id' does not exist on type 'never'.
components/TicketModal.tsx(232,10): error TS2769: No overload matches this call.
  Overload 1 of 2, '(values: never, options?: { count?: "exact" | "planned" | "estimated" | undefined; } | undefined): PostgrestFilterBuilder<{ PostgrestVersion: string; }, never, never, null, "btl_reportes", never, "POST">', gave the following error.
    Argument of type 'any[]' is not assignable to parameter of type 'never'.
  Overload 2 of 2, '(values: never[], options?: { count?: "exact" | "planned" | "estimated" | undefined; defaultToNull?: boolean | undefined; } | undefined): PostgrestFilterBuilder<{ PostgrestVersion: string; }, never, never, null, "btl_reportes", never, "POST">', gave the following error.
    Type 'any' is not assignable to type 'never'.
components/TicketModal.tsx(240,29): error TS2339: Property 'id' does not exist on type 'never'.
components/TicketModal.tsx(245,28): error TS2339: Property 'id' does not exist on type 'never'.
components/TrainingList.tsx(82,37): error TS2339: Property 'id' does not exist on type 'never'.
components/TrainingList.tsx(85,60): error TS2339: Property 'capacitacion_id' does not exist on type 'never'.
components/TrainingList.tsx(105,47): error TS2339: Property 'id' does not exist on type 'never'.
components/TrainingList.tsx(106,41): error TS2339: Property 'id' does not exist on type 'never'.
components/TrainingList.tsx(110,15): error TS2698: Spread types may only be created from object types.
components/TrainingList.tsx(142,10): error TS2769: No overload matches this call.
  Overload 1 of 2, '(values: never, options?: { count?: "exact" | "planned" | "estimated" | undefined; } | undefined): PostgrestFilterBuilder<{ PostgrestVersion: string; }, never, never, null, "btl_capacitacion_asistentes", never, "POST">', gave the following error.
    Argument of type '{ capacitacion_id: string; usuario_id: any; estado_inscripcion: string; }[]' is not assignable to parameter of type 'never'.
  Overload 2 of 2, '(values: never[], options?: { count?: "exact" | "planned" | "estimated" | undefined; defaultToNull?: boolean | undefined; } | undefined): PostgrestFilterBuilder<{ PostgrestVersion: string; }, never, never, null, "btl_capacitacion_asistentes", never, "POST">', gave the following error.
    Type '{ capacitacion_id: string; usuario_id: any; estado_inscripcion: string; }' is not assignable to type 'never'.
components/TrainingList.tsx(144,31): error TS2339: Property 'id' does not exist on type 'never'.
components/TrainingManagement.tsx(5,35): error TS6133: 'Award' is declared but its value is never read.
components/TrainingManagement.tsx(113,19): error TS2345: Argument of type 'Training' is not assignable to parameter of type 'never'.
components/TrainingManagement.tsx(121,12): error TS2769: No overload matches this call.
  Overload 1 of 2, '(values: never, options?: { count?: "exact" | "planned" | "estimated" | undefined; } | undefined): PostgrestFilterBuilder<{ PostgrestVersion: string; }, never, never, null, "btl_capacitaciones", never, "POST">', gave the following error.
    Argument of type '{ creado_por: any; id?: string | undefined; titulo: string; descripcion: string; objetivo: string; categoria: string; tipo: string; nivel: string; fecha_inicio: string; fecha_fin: string; duracion_horas: number; ... 19 more ...; costo_total?: number | undefined; }[]' is not assignable to parameter of type 'never'.
  Overload 2 of 2, '(values: never[], options?: { count?: "exact" | "planned" | "estimated" | undefined; defaultToNull?: boolean | undefined; } | undefined): PostgrestFilterBuilder<{ PostgrestVersion: string; }, never, never, null, "btl_capacitaciones", never, "POST">', gave the following error.
    Type '{ creado_por: any; id?: string; titulo: string; descripcion: string; objetivo: string; categoria: string; tipo: string; nivel: string; fecha_inicio: string; fecha_fin: string; duracion_horas: number; ... 19 more ...; costo_total?: number; }' is not assignable to type 'never'.
components/TrainingManagement.tsx(123,34): error TS2339: Property 'id' does not exist on type 'never'.
components/TrainingManagementAdmin.tsx(2,84): error TS6133: 'AlertCircle' is declared but its value is never read.
components/TrainingManagementAdmin.tsx(4,23): error TS2307: Cannot find module 'sonner@2.0.3' or its corresponding type declarations.
components/TrainingManagementAdmin.tsx(139,19): error TS2345: Argument of type '{ titulo: string; descripcion: string; objetivo: string; categoria: string; tipo: string; nivel: string; fecha_inicio: string; fecha_fin: string; duracion_horas: number; modalidad: string; ubicacion: string; ... 4 more ...; asistencia_esperada: number; }' is not assignable to parameter of type 'never'.
components/TrainingManagementAdmin.tsx(148,12): error TS2769: No overload matches this call.
  Overload 1 of 2, '(values: never, options?: { count?: "exact" | "planned" | "estimated" | undefined; } | undefined): PostgrestFilterBuilder<{ PostgrestVersion: string; }, never, never, null, "btl_capacitaciones", never, "POST">', gave the following error.
    Argument of type '{ creado_por: any; titulo: string; descripcion: string; objetivo: string; categoria: string; tipo: string; nivel: string; fecha_inicio: string; fecha_fin: string; duracion_horas: number; modalidad: string; ... 5 more ...; asistencia_esperada: number; }[]' is not assignable to parameter of type 'never'.
  Overload 2 of 2, '(values: never[], options?: { count?: "exact" | "planned" | "estimated" | undefined; defaultToNull?: boolean | undefined; } | undefined): PostgrestFilterBuilder<{ PostgrestVersion: string; }, never, never, null, "btl_capacitaciones", never, "POST">', gave the following error.
    Type '{ creado_por: any; titulo: string; descripcion: string; objetivo: string; categoria: string; tipo: string; nivel: string; fecha_inicio: string; fecha_fin: string; duracion_horas: number; modalidad: string; ... 5 more ...; asistencia_esperada: number; }' is not assignable to type 'never'.
components/ui/accordion.tsx(4,37): error TS2307: Cannot find module '@radix-ui/react-accordion' or its corresponding type declarations.
components/ui/alert-dialog.tsx(4,39): error TS2307: Cannot find module '@radix-ui/react-alert-dialog' or its corresponding type declarations.
components/ui/alert.tsx(2,40): error TS2307: Cannot find module 'class-variance-authority' or its corresponding type declarations.
components/ui/aspect-ratio.tsx(3,39): error TS2307: Cannot find module '@radix-ui/react-aspect-ratio' or its corresponding type declarations.
components/ui/avatar.tsx(4,34): error TS2307: Cannot find module '@radix-ui/react-avatar' or its corresponding type declarations.
components/ui/badge.tsx(2,22): error TS2307: Cannot find module '@radix-ui/react-slot' or its corresponding type declarations.
components/ui/badge.tsx(3,40): error TS2307: Cannot find module 'class-variance-authority' or its corresponding type declarations.
components/ui/breadcrumb.tsx(2,22): error TS2307: Cannot find module '@radix-ui/react-slot' or its corresponding type declarations.
components/ui/button.tsx(2,22): error TS2307: Cannot find module '@radix-ui/react-slot' or its corresponding type declarations.
components/ui/button.tsx(3,40): error TS2307: Cannot find module 'class-variance-authority' or its corresponding type declarations.
components/ui/calendar.tsx(5,27): error TS2307: Cannot find module 'react-day-picker' or its corresponding type declarations.
components/ui/calendar.tsx(63,22): error TS7031: Binding element 'className' implicitly has an 'any' type.
components/ui/calendar.tsx(66,23): error TS7031: Binding element 'className' implicitly has an 'any' type.
components/ui/carousel.tsx(6,8): error TS2307: Cannot find module 'embla-carousel-react' or its corresponding type declarations.
components/ui/checkbox.tsx(4,36): error TS2307: Cannot find module '@radix-ui/react-checkbox' or its corresponding type declarations.
components/ui/collapsible.tsx(3,39): error TS2307: Cannot find module '@radix-ui/react-collapsible' or its corresponding type declarations.
components/ui/command.tsx(4,45): error TS2307: Cannot find module 'cmdk' or its corresponding type declarations.
components/ui/ConfirmDialog.tsx(1,1): error TS6133: 'React' is declared but its value is never read.
components/ui/context-menu.tsx(4,39): error TS2307: Cannot find module '@radix-ui/react-context-menu' or its corresponding type declarations.
components/ui/dialog.tsx(4,34): error TS2307: Cannot find module '@radix-ui/react-dialog' or its corresponding type declarations.
components/ui/drawer.tsx(4,43): error TS2307: Cannot find module 'vaul' or its corresponding type declarations.
components/ui/dropdown-menu.tsx(4,40): error TS2307: Cannot find module '@radix-ui/react-dropdown-menu' or its corresponding type declarations.
components/ui/form.tsx(4,33): error TS2307: Cannot find module '@radix-ui/react-label' or its corresponding type declarations.
components/ui/form.tsx(5,22): error TS2307: Cannot find module '@radix-ui/react-slot' or its corresponding type declarations.
components/ui/form.tsx(14,8): error TS2307: Cannot find module 'react-hook-form' or its corresponding type declarations.
components/ui/hover-card.tsx(4,37): error TS2307: Cannot find module '@radix-ui/react-hover-card' or its corresponding type declarations.
components/ui/input-otp.tsx(4,43): error TS2307: Cannot find module 'input-otp' or its corresponding type declarations.
components/ui/input-otp.tsx(47,61): error TS2339: Property 'slots' does not exist on type '{}'.
components/ui/label.tsx(4,33): error TS2307: Cannot find module '@radix-ui/react-label' or its corresponding type declarations.
components/ui/menubar.tsx(4,35): error TS2307: Cannot find module '@radix-ui/react-menubar' or its corresponding type declarations.
components/ui/navigation-menu.tsx(2,42): error TS2307: Cannot find module '@radix-ui/react-navigation-menu' or its corresponding type declarations.
components/ui/navigation-menu.tsx(3,21): error TS2307: Cannot find module 'class-variance-authority' or its corresponding type declarations.
components/ui/pagination.tsx(75,7): error TS2783: 'size' is specified more than once, so this usage will be overwritten.
components/ui/pagination.tsx(92,7): error TS2783: 'size' is specified more than once, so this usage will be overwritten.
components/ui/popover.tsx(4,35): error TS2307: Cannot find module '@radix-ui/react-popover' or its corresponding type declarations.
components/ui/progress.tsx(4,36): error TS2307: Cannot find module '@radix-ui/react-progress' or its corresponding type declarations.
components/ui/radio-group.tsx(4,38): error TS2307: Cannot find module '@radix-ui/react-radio-group' or its corresponding type declarations.
components/ui/resizable.tsx(5,37): error TS2307: Cannot find module 'react-resizable-panels' or its corresponding type declarations.
components/ui/scroll-area.tsx(4,38): error TS2307: Cannot find module '@radix-ui/react-scroll-area' or its corresponding type declarations.
components/ui/select.tsx(4,34): error TS2307: Cannot find module '@radix-ui/react-select' or its corresponding type declarations.
components/ui/separator.tsx(4,37): error TS2307: Cannot find module '@radix-ui/react-separator' or its corresponding type declarations.
components/ui/sheet.tsx(4,33): error TS2307: Cannot find module '@radix-ui/react-dialog' or its corresponding type declarations.
components/ui/sidebar.tsx(4,22): error TS2307: Cannot find module '@radix-ui/react-slot' or its corresponding type declarations.
components/ui/sidebar.tsx(5,35): error TS2307: Cannot find module 'class-variance-authority' or its corresponding type declarations.
components/ui/sidebar.tsx(270,17): error TS7006: Parameter 'event' implicitly has an 'any' type.
components/ui/slider.tsx(4,34): error TS2307: Cannot find module '@radix-ui/react-slider' or its corresponding type declarations.
components/ui/sonner.tsx(3,26): error TS2307: Cannot find module 'next-themes' or its corresponding type declarations.
components/ui/switch.tsx(4,34): error TS2307: Cannot find module '@radix-ui/react-switch' or its corresponding type declarations.
components/ui/tabs.tsx(4,32): error TS2307: Cannot find module '@radix-ui/react-tabs' or its corresponding type declarations.
components/ui/toggle-group.tsx(4,39): error TS2307: Cannot find module '@radix-ui/react-toggle-group' or its corresponding type declarations.
components/ui/toggle-group.tsx(5,35): error TS2307: Cannot find module 'class-variance-authority' or its corresponding type declarations.
components/ui/toggle.tsx(4,34): error TS2307: Cannot find module '@radix-ui/react-toggle' or its corresponding type declarations.
components/ui/toggle.tsx(5,40): error TS2307: Cannot find module 'class-variance-authority' or its corresponding type declarations.
components/ui/tooltip.tsx(4,35): error TS2307: Cannot find module '@radix-ui/react-tooltip' or its corresponding type declarations.
components/UserManagement.tsx(2,54): error TS6133: 'Check' is declared but its value is never read.
components/UserManagement.tsx(662,25): error TS2345: Argument of type '{ nombre: any; rol: any; empresa: any; estado_aprobacion: any; }' is not assignable to parameter of type 'never'.
components/UserManagement.tsx(826,25): error TS6133: 'session' is declared but its value is never read.
components/VenueDetail.tsx(46,10): error TS6133: 'showRecommendations' is declared but its value is never read.
components/VenueDetail.tsx(46,31): error TS6133: 'setShowRecommendations' is declared but its value is never read.
components/VenueImporter.tsx(4,1): error TS6192: All imports in import declaration are unused.
components/VenueImporter.tsx(11,33): error TS6133: 'session' is declared but its value is never read.
components/VenueManager.tsx(3,62): error TS6133: 'Phone' is declared but its value is never read.
components/VenueManager.tsx(3,69): error TS6133: 'Briefcase' is declared but its value is never read.
components/VenueManager.tsx(3,80): error TS6133: 'TrendingUp' is declared but its value is never read.
components/VenueManager.tsx(177,17): error TS2345: Argument of type 'any' is not assignable to parameter of type 'never'.
components/VenueTable.tsx(21,44): error TS6133: 'inspections' is declared but its value is never read.
components/VenueTrainingAnalytics.tsx(2,44): error TS6133: 'Users' is declared but its value is never read.
components/VenueTrainingAnalytics.tsx(2,83): error TS6133: 'TrendingUp' is declared but its value is never read.
components/VenueTrainingAnalytics.tsx(30,40): error TS6133: 'session' is declared but its value is never read.
components/VenueTrainingAnalytics.tsx(40,10): error TS6133: 'loading' is declared but its value is never read.
components/VenueTrainingAnalytics.tsx(90,35): error TS2339: Property 'usuario_id' does not exist on type 'never'.
components/VenueTrainingAnalytics.tsx(102,41): error TS2339: Property 'punto_venta_id' does not exist on type 'never'.
components/VenueTrainingAnalytics.tsx(103,38): error TS2339: Property 'punto_venta_id' does not exist on type 'never'.
components/VenueTrainingAnalytics.tsx(109,54): error TS2339: Property 'punto_venta_id' does not exist on type 'never'.
components/VenueTrainingAnalytics.tsx(110,40): error TS2339: Property 'usuario_id' does not exist on type 'never'.
components/VenueTrainingAnalytics.tsx(112,41): error TS2339: Property 'usuario_id' does not exist on type 'never'.
components/VenueTrainingAnalytics.tsx(113,44): error TS2339: Property 'usuario_id' does not exist on type 'never'.
components/VenueTrainingAnalytics.tsx(120,31): error TS2339: Property 'btl_capacitaciones' does not exist on type 'never'.
components/VenueTrainingAnalytics.tsx(122,49): error TS2339: Property 'usuario_id' does not exist on type 'never'.
components/VenueTrainingAnalytics.tsx(123,74): error TS2339: Property 'usuario_id' does not exist on type 'never'.
components/VenueTrainingAnalytics.tsx(124,46): error TS2339: Property 'usuario_id' does not exist on type 'never'.
components/VenueTrainingAnalytics.tsx(131,57): error TS2339: Property 'id' does not exist on type 'never'.
components/VenueTrainingAnalytics.tsx(147,21): error TS2339: Property 'id' does not exist on type 'never'.
components/VenueTrainingAnalytics.tsx(148,25): error TS2339: Property 'nombre' does not exist on type 'never'.
components/VenueTrainingAnalytics.tsx(149,28): error TS2339: Property 'direccion' does not exist on type 'never'.
components/VenueTrainingAnalytics.tsx(150,25): error TS2339: Property 'ciudad' does not exist on type 'never'.
components/VenueTrainingAnalytics.tsx(151,39): error TS2339: Property 'tipo_establecimiento' does not exist on type 'never'.
supabase/functions/send-email/index.ts(1,30): error TS2307: Cannot find module 'npm:@supabase/supabase-js@2' or its corresponding type declarations.
supabase/functions/send-email/index.ts(3,24): error TS2304: Cannot find name 'Deno'.
supabase/functions/send-email/index.ts(4,22): error TS2304: Cannot find name 'Deno'.
supabase/functions/send-email/index.ts(5,35): error TS2304: Cannot find name 'Deno'.
supabase/functions/send-email/index.ts(31,1): error TS2304: Cannot find name 'Deno'.
supabase/functions/send-email/index.ts(31,19): error TS7006: Parameter 'req' implicitly has an 'any' type.
supabase/functions/send-email/index.ts(88,36): error TS7006: Parameter 'a' implicitly has an 'any' type.
supabase/functions/send-email/index.ts(170,14): error TS18046: 'error' is of type 'unknown'.
supabase/functions/server/index.tsx(4,30): error TS2307: Cannot find module 'jsr:@supabase/supabase-js@2' or its corresponding type declarations.
supabase/functions/server/index.tsx(12,1): error TS2304: Cannot find name 'Deno'.
supabase/functions/server/index.tsx(12,19): error TS7006: Parameter 'req' implicitly has an 'any' type.
supabase/functions/server/index.tsx(21,26): error TS2304: Cannot find name 'Deno'.
supabase/functions/server/index.tsx(22,39): error TS2304: Cannot find name 'Deno'.
supabase/functions/server/index.tsx(22,84): error TS2304: Cannot find name 'Deno'.
supabase/functions/server/index.tsx(129,37): error TS7006: Parameter 'u' implicitly has an 'any' type.
supabase/functions/server/kv_store.tsx(13,30): error TS2307: Cannot find module 'jsr:@supabase/supabase-js@2.49.8' or its corresponding type declarations.
supabase/functions/server/kv_store.tsx(16,3): error TS2304: Cannot find name 'Deno'.
supabase/functions/server/kv_store.tsx(17,3): error TS2304: Cannot find name 'Deno'.
supabase/functions/server/kv_store.tsx(67,21): error TS7006: Parameter 'd' implicitly has an 'any' type.
supabase/functions/server/kv_store.tsx(86,21): error TS7006: Parameter 'd' implicitly has an 'any' type.
utils/api-direct.ts(132,59): error TS2339: Property 'id' does not exist on type 'never'.
utils/api-direct.ts(132,79): error TS2339: Property 'rol' does not exist on type 'never'.
utils/api-direct.ts(139,35): error TS2339: Property 'id' does not exist on type 'never'.
utils/api-direct.ts(187,12): error TS2769: No overload matches this call.
  Overload 1 of 2, '(values: never, options?: { count?: "exact" | "planned" | "estimated" | undefined; } | undefined): PostgrestFilterBuilder<{ PostgrestVersion: string; }, never, never, null, "btl_usuarios", never, "POST">', gave the following error.
    Argument of type '{ auth_user_id: string; email: string | undefined; nombre: string; rol: string; activo: boolean; }' is not assignable to parameter of type 'never'.
  Overload 2 of 2, '(values: never[], options?: { count?: "exact" | "planned" | "estimated" | undefined; defaultToNull?: boolean | undefined; } | undefined): PostgrestFilterBuilder<{ PostgrestVersion: string; }, never, never, null, "btl_usuarios", never, "POST">', gave the following error.
    Object literal may only specify known properties, and 'auth_user_id' does not exist in type 'never[]'.
utils/api-direct.ts(202,61): error TS2339: Property 'id' does not exist on type 'never'.
utils/api-direct.ts(206,19): error TS2339: Property 'id' does not exist on type 'never'.
utils/api-direct.ts(207,23): error TS2339: Property 'nombre' does not exist on type 'never'.
utils/api-direct.ts(208,20): error TS2339: Property 'rol' does not exist on type 'never'.
utils/api-direct.ts(215,10): error TS2769: No overload matches this call.
  Overload 1 of 2, '(values: never, options?: { count?: "exact" | "planned" | "estimated" | undefined; } | undefined): PostgrestFilterBuilder<{ PostgrestVersion: string; }, never, never, null, "btl_inspecciones", never, "POST">', gave the following error.
    Argument of type '{ usuario_id: any; fecha_inspeccion: string; venue_id: string; presencia_marca: boolean; productos_disponibles: string[]; material_pos: string[]; competencia: string[]; observaciones: string; fotos_urls: string[]; }' is not assignable to parameter of type 'never'.
  Overload 2 of 2, '(values: never[], options?: { count?: "exact" | "planned" | "estimated" | undefined; defaultToNull?: boolean | undefined; } | undefined): PostgrestFilterBuilder<{ PostgrestVersion: string; }, never, never, null, "btl_inspecciones", never, "POST">', gave the following error.
    Object literal may only specify known properties, and 'usuario_id' does not exist in type 'never[]'.
utils/api-direct.ts(217,31): error TS2339: Property 'id' does not exist on type 'never'.
utils/api-direct.ts(223,55): error TS18047: 'data' is possibly 'null'.
utils/api-direct.ts(289,10): error TS2769: No overload matches this call.
  Overload 1 of 2, '(values: never, options?: { count?: "exact" | "planned" | "estimated" | undefined; } | undefined): PostgrestFilterBuilder<{ PostgrestVersion: string; }, never, never, null, "btl_puntos_venta", never, "POST">', gave the following error.
    Argument of type '{ nombre: string; direccion: string; tipo: string; ciudad: string; region: string; }[]' is not assignable to parameter of type 'never'.
  Overload 2 of 2, '(values: never[], options?: { count?: "exact" | "planned" | "estimated" | undefined; defaultToNull?: boolean | undefined; } | undefined): PostgrestFilterBuilder<{ PostgrestVersion: string; }, never, never, null, "btl_puntos_venta", never, "POST">', gave the following error.
    Type '{ nombre: string; direccion: string; tipo: string; ciudad: string; region: string; }' is not assignable to type 'never'.
utils/api-direct.ts(300,50): error TS18047: 'data' is possibly 'null'.
utils/api-direct.ts(301,5): error TS2322: Type 'null' is not assignable to type 'Venue'.
utils/api-direct.ts(376,35): error TS2339: Property 'id' does not exist on type 'never'.
utils/api-direct.ts(383,60): error TS2339: Property 'punto_venta_id' does not exist on type 'never'.
utils/api-direct.ts(388,39): error TS2339: Property 'tiene_producto' does not exist on type 'never'.
utils/api-direct.ts(396,23): error TS2339: Property 'fecha_inspeccion' does not exist on type 'never'.
utils/api-direct.ts(403,23): error TS2339: Property 'fecha_inspeccion' does not exist on type 'never'.
utils/api-direct.ts(403,71): error TS2339: Property 'fecha_inspeccion' does not exist on type 'never'.
utils/api-direct.ts(412,34): error TS2339: Property 'fecha_inspeccion' does not exist on type 'never'.
utils/api-direct.ts(412,75): error TS2339: Property 'fecha_inspeccion' does not exist on type 'never'.
utils/AuthContext.tsx(68,37): error TS2367: This comparison appears to be unintentional because the types '"INITIAL_SESSION" | "PASSWORD_RECOVERY" | "SIGNED_IN" | "TOKEN_REFRESHED" | "USER_UPDATED" | "MFA_CHALLENGE_VERIFIED"' and '"USER_DELETED"' have no overlap.
utils/AuthContext.tsx(74,11): error TS2367: This comparison appears to be unintentional because the types 'AuthChangeEvent' and '"TOKEN_EXPIRED"' have no overlap.
utils/LanguageContext.tsx(1,8): error TS6133: 'React' is declared but its value is never read.
utils/notifications.ts(72,11): error TS6133: 'error' is declared but its value is never read.
